# JRE version: OpenJDK Runtime Environment Temurin-17.0.6+10 (17.0.6+10) (build 17.0.6+10)
# Java VM: OpenJDK 64-Bit Server VM Temurin-17.0.6+10 (17.0.6+10, mixed mode, emulated-client, tiered, compressed oops, compressed class ptrs, g1 gc, windows-amd64)
GC Precious Log:
 CPUs: 8 total, 8 available
 Memory: 8037M
 Large Page Support: Disabled
 NUMA Support: Disabled
 Compressed Oops: Enabled (32-bit)
 Heap Region Size: 1M
 Heap Min Capacity: 8M
 Heap Initial Capacity: 126M
 Heap Max Capacity: 1G
 Pre-touch: Disabled
 Parallel Workers: 8
 Concurrent Workers: 2
 Concurrent Refinement Workers: 8
 Periodic GC: Disabled
Heap:
 garbage-first heap   total 416768K, used 139082K [0x00000000c0000000, 0x0000000100000000)
  region size 1024K, 1 young (1024K), 0 survivors (0K)
 Metaspace       used 72695K, committed 73216K, reserved 1114112K
  class space    used 9957K, committed 10240K, reserved 1048576K
GC Heap History (20 events):
Event: 19109.472 GC heap before
{Heap before GC invocations=1247 (full 958):
 garbage-first heap   total 416768K, used 370455K [0x00000000c0000000, 0x0000000100000000)
  region size 1024K, 220 young (225280K), 4 survivors (4096K)
 Metaspace       used 72692K, committed 73216K, reserved 1114112K
  class space    used 9957K, committed 10240K, reserved 1048576K
}
Event: 19109.474 GC heap after
{Heap after GC invocations=1248 (full 958):
 garbage-first heap   total 416768K, used 141516K [0x00000000c0000000, 0x0000000100000000)
  region size 1024K, 4 young (4096K), 4 survivors (4096K)
 Metaspace       used 72692K, committed 73216K, reserved 1114112K
  class space    used 9957K, committed 10240K, reserved 1048576K
}
Event: 19117.247 GC heap before
{Heap before GC invocations=1248 (full 958):
 garbage-first heap   total 416768K, used 367820K [0x00000000c0000000, 0x0000000100000000)
  region size 1024K, 220 young (225280K), 4 survivors (4096K)
 Metaspace       used 72692K, committed 73216K, reserved 1114112K
  class space    used 9957K, committed 10240K, reserved 1048576K
}
Event: 19117.250 GC heap after
{Heap after GC invocations=1249 (full 958):
 garbage-first heap   total 416768K, used 142070K [0x00000000c0000000, 0x0000000100000000)
  region size 1024K, 4 young (4096K), 4 survivors (4096K)
 Metaspace       used 72692K, committed 73216K, reserved 1114112K
  class space    used 9957K, committed 10240K, reserved 1048576K
}
Event: 19125.923 GC heap before
{Heap before GC invocations=1249 (full 958):
 garbage-first heap   total 416768K, used 370422K [0x00000000c0000000, 0x0000000100000000)
  region size 1024K, 220 young (225280K), 4 survivors (4096K)
 Metaspace       used 72692K, committed 73216K, reserved 1114112K
  class space    used 9957K, committed 10240K, reserved 1048576K
}
Event: 19125.936 GC heap after
{Heap after GC invocations=1250 (full 958):
 garbage-first heap   total 416768K, used 140853K [0x00000000c0000000, 0x0000000100000000)
  region size 1024K, 3 young (3072K), 3 survivors (3072K)
 Metaspace       used 72692K, committed 73216K, reserved 1114112K
  class space    used 9957K, committed 10240K, reserved 1048576K
}
Event: 19129.214 GC heap before
{Heap before GC invocations=1250 (full 958):
 garbage-first heap   total 416768K, used 370229K [0x00000000c0000000, 0x0000000100000000)
  region size 1024K, 221 young (226304K), 3 survivors (3072K)
 Metaspace       used 72692K, committed 73216K, reserved 1114112K
  class space    used 9957K, committed 10240K, reserved 1048576K
}
Event: 19129.218 GC heap after
{Heap after GC invocations=1251 (full 958):
 garbage-first heap   total 416768K, used 142680K [0x00000000c0000000, 0x0000000100000000)
  region size 1024K, 5 young (5120K), 5 survivors (5120K)
 Metaspace       used 72692K, committed 73216K, reserved 1114112K
  class space    used 9957K, committed 10240K, reserved 1048576K
}
Event: 19136.614 GC heap before
{Heap before GC invocations=1251 (full 958):
 garbage-first heap   total 416768K, used 371032K [0x00000000c0000000, 0x0000000100000000)
  region size 1024K, 221 young (226304K), 5 survivors (5120K)
 Metaspace       used 72692K, committed 73216K, reserved 1114112K
  class space    used 9957K, committed 10240K, reserved 1048576K
}
Event: 19136.616 GC heap after
{Heap after GC invocations=1252 (full 958):
 garbage-first heap   total 416768K, used 141220K [0x00000000c0000000, 0x0000000100000000)
  region size 1024K, 3 young (3072K), 3 survivors (3072K)
 Metaspace       used 72692K, committed 73216K, reserved 1114112K
  class space    used 9957K, committed 10240K, reserved 1048576K
}
Event: 19140.720 GC heap before
{Heap before GC invocations=1252 (full 958):
 garbage-first heap   total 416768K, used 369572K [0x00000000c0000000, 0x0000000100000000)
  region size 1024K, 220 young (225280K), 3 survivors (3072K)
 Metaspace       used 72692K, committed 73216K, reserved 1114112K
  class space    used 9957K, committed 10240K, reserved 1048576K
}
Event: 19140.723 GC heap after
{Heap after GC invocations=1253 (full 958):
 garbage-first heap   total 416768K, used 142122K [0x00000000c0000000, 0x0000000100000000)
  region size 1024K, 4 young (4096K), 4 survivors (4096K)
 Metaspace       used 72692K, committed 73216K, reserved 1114112K
  class space    used 9957K, committed 10240K, reserved 1048576K
}
Event: 19208.402 GC heap before
{Heap before GC invocations=1253 (full 958):
 garbage-first heap   total 416768K, used 212778K [0x00000000c0000000, 0x0000000100000000)
  region size 1024K, 73 young (74752K), 4 survivors (4096K)
 Metaspace       used 72695K, committed 73216K, reserved 1114112K
  class space    used 9957K, committed 10240K, reserved 1048576K
}
Event: 19208.760 GC heap after
{Heap after GC invocations=1254 (full 959):
 garbage-first heap   total 416768K, used 139958K [0x00000000c0000000, 0x0000000100000000)
  region size 1024K, 0 young (0K), 0 survivors (0K)
 Metaspace       used 72695K, committed 73216K, reserved 1114112K
  class space    used 9957K, committed 10240K, reserved 1048576K
}
Event: 19218.933 GC heap before
{Heap before GC invocations=1254 (full 959):
 garbage-first heap   total 416768K, used 139958K [0x00000000c0000000, 0x0000000100000000)
  region size 1024K, 1 young (1024K), 0 survivors (0K)
 Metaspace       used 72695K, committed 73216K, reserved 1114112K
  class space    used 9957K, committed 10240K, reserved 1048576K
}
Event: 19219.017 GC heap after
{Heap after GC invocations=1255 (full 960):
 garbage-first heap   total 416768K, used 139093K [0x00000000c0000000, 0x0000000100000000)
  region size 1024K, 0 young (0K), 0 survivors (0K)
 Metaspace       used 72695K, committed 73216K, reserved 1114112K
  class space    used 9957K, committed 10240K, reserved 1048576K
}
Event: 19229.162 GC heap before
{Heap before GC invocations=1255 (full 960):
 garbage-first heap   total 416768K, used 139093K [0x00000000c0000000, 0x0000000100000000)
  region size 1024K, 1 young (1024K), 0 survivors (0K)
 Metaspace       used 72695K, committed 73216K, reserved 1114112K
  class space    used 9957K, committed 10240K, reserved 1048576K
}
Event: 19229.238 GC heap after
{Heap after GC invocations=1256 (full 961):
 garbage-first heap   total 416768K, used 139082K [0x00000000c0000000, 0x0000000100000000)
  region size 1024K, 0 young (0K), 0 survivors (0K)
 Metaspace       used 72695K, committed 73216K, reserved 1114112K
  class space    used 9957K, committed 10240K, reserved 1048576K
}
Event: 19239.373 GC heap before
{Heap before GC invocations=1256 (full 961):
 garbage-first heap   total 416768K, used 139082K [0x00000000c0000000, 0x0000000100000000)
  region size 1024K, 1 young (1024K), 0 survivors (0K)
 Metaspace       used 72695K, committed 73216K, reserved 1114112K
  class space    used 9957K, committed 10240K, reserved 1048576K
}
Event: 19239.446 GC heap after
{Heap after GC invocations=1257 (full 962):
 garbage-first heap   total 416768K, used 139082K [0x00000000c0000000, 0x0000000100000000)
  region size 1024K, 0 young (0K), 0 survivors (0K)
 Metaspace       used 72695K, committed 73216K, reserved 1114112K
  class space    used 9957K, committed 10240K, reserved 1048576K
}

